<?xml version="1.0" encoding="UTF-8"?>
<testsuite name="org.example.SILab2Test" tests="2" skipped="0" failures="0" errors="0" timestamp="2023-05-29T22:41:19" hostname="DESKTOP-DILS36L" time="0.012">
  <properties/>
  <testcase name="everyBranchTest()" classname="org.example.SILab2Test" time="0.01"/>
  <testcase name="multipleConditionTest()" classname="org.example.SILab2Test" time="0.001"/>
  <system-out><![CDATA[Start Testing
Running EVERY BRANCH test!
End Testing
]]></system-out>
  <system-err><![CDATA[]]></system-err>
</testsuite>
